{"C:\\Users\\Laurentiu\\Desktop\\fac\\AN2SEM2\\MDS\\FMIQuiz\\components\\sidebar.js": {"path":"C:\\Users\\Laurentiu\\Desktop\\fac\\AN2SEM2\\MDS\\FMIQuiz\\components\\sidebar.js","statementMap":{"0":{"start":{"line":7,"column":15},"end":{"line":34,"column":1}},"1":{"start":{"line":8,"column":21},"end":{"line":8,"column":36}},"2":{"start":{"line":9,"column":2},"end":{"line":11,"column":5}},"3":{"start":{"line":10,"column":4},"end":{"line":10,"column":34}},"4":{"start":{"line":12,"column":2},"end":{"line":14,"column":5}},"5":{"start":{"line":13,"column":4},"end":{"line":13,"column":38}},"6":{"start":{"line":15,"column":2},"end":{"line":17,"column":5}},"7":{"start":{"line":16,"column":4},"end":{"line":16,"column":31}},"8":{"start":{"line":18,"column":2},"end":{"line":33,"column":4}},"9":{"start":{"line":36,"column":15},"end":{"line":56,"column":2}}},"fnMap":{"0":{"name":"(anonymous_0)","decl":{"start":{"line":7,"column":15},"end":{"line":7,"column":16}},"loc":{"start":{"line":7,"column":21},"end":{"line":34,"column":1}},"line":7},"1":{"name":"(anonymous_1)","decl":{"start":{"line":9,"column":16},"end":{"line":9,"column":17}},"loc":{"start":{"line":9,"column":22},"end":{"line":11,"column":5}},"line":9},"2":{"name":"(anonymous_2)","decl":{"start":{"line":12,"column":20},"end":{"line":12,"column":21}},"loc":{"start":{"line":12,"column":26},"end":{"line":14,"column":5}},"line":12},"3":{"name":"(anonymous_3)","decl":{"start":{"line":15,"column":13},"end":{"line":15,"column":14}},"loc":{"start":{"line":15,"column":19},"end":{"line":17,"column":5}},"line":15}},"branchMap":{},"s":{"0":1,"1":3,"2":3,"3":0,"4":3,"5":0,"6":3,"7":0,"8":3,"9":1},"f":{"0":3,"1":0,"2":0,"3":0},"b":{},"_coverageSchema":"1a1c01bbd47fc00a2c39e90264f33305004495a9","hash":"c75db65c14623ab00d185cba1b4053a0ba2df806"}
,"C:\\Users\\Laurentiu\\Desktop\\fac\\AN2SEM2\\MDS\\FMIQuiz\\screens\\HomeScreen.js": {"path":"C:\\Users\\Laurentiu\\Desktop\\fac\\AN2SEM2\\MDS\\FMIQuiz\\screens\\HomeScreen.js","statementMap":{"0":{"start":{"line":9,"column":21},"end":{"line":14,"column":1}},"1":{"start":{"line":10,"column":15},"end":{"line":10,"column":24}},"2":{"start":{"line":11,"column":2},"end":{"line":13,"column":4}},"3":{"start":{"line":12,"column":4},"end":{"line":12,"column":46}},"4":{"start":{"line":16,"column":19},"end":{"line":20,"column":1}},"5":{"start":{"line":17,"column":2},"end":{"line":19,"column":21}},"6":{"start":{"line":22,"column":28},"end":{"line":26,"column":1}},"7":{"start":{"line":23,"column":2},"end":{"line":23,"column":30}},"8":{"start":{"line":24,"column":2},"end":{"line":24,"column":33}},"9":{"start":{"line":32,"column":13},"end":{"line":32,"column":34}},"10":{"start":{"line":33,"column":40},"end":{"line":33,"column":58}},"11":{"start":{"line":34,"column":21},"end":{"line":34,"column":36}},"12":{"start":{"line":37,"column":20},"end":{"line":46,"column":3}},"13":{"start":{"line":38,"column":17},"end":{"line":38,"column":26}},"14":{"start":{"line":39,"column":16},"end":{"line":39,"column":36}},"15":{"start":{"line":40,"column":20},"end":{"line":40,"column":51}},"16":{"start":{"line":41,"column":21},"end":{"line":41,"column":40}},"17":{"start":{"line":42,"column":24},"end":{"line":42,"column":51}},"18":{"start":{"line":43,"column":4},"end":{"line":43,"column":32}},"19":{"start":{"line":48,"column":2},"end":{"line":51,"column":9}},"20":{"start":{"line":49,"column":4},"end":{"line":49,"column":16}},"21":{"start":{"line":50,"column":4},"end":{"line":50,"column":29}},"22":{"start":{"line":60,"column":2},"end":{"line":68,"column":19}},"23":{"start":{"line":61,"column":4},"end":{"line":67,"column":7}},"24":{"start":{"line":63,"column":8},"end":{"line":66,"column":15}},"25":{"start":{"line":72,"column":2},"end":{"line":115,"column":3}},"26":{"start":{"line":95,"column":10},"end":{"line":95,"column":43}},"27":{"start":{"line":119,"column":15},"end":{"line":169,"column":2}}},"fnMap":{"0":{"name":"(anonymous_0)","decl":{"start":{"line":9,"column":21},"end":{"line":9,"column":22}},"loc":{"start":{"line":9,"column":27},"end":{"line":14,"column":1}},"line":9},"1":{"name":"(anonymous_1)","decl":{"start":{"line":11,"column":22},"end":{"line":11,"column":23}},"loc":{"start":{"line":11,"column":28},"end":{"line":13,"column":3}},"line":11},"2":{"name":"(anonymous_2)","decl":{"start":{"line":16,"column":19},"end":{"line":16,"column":20}},"loc":{"start":{"line":17,"column":2},"end":{"line":19,"column":21}},"line":17},"3":{"name":"(anonymous_3)","decl":{"start":{"line":22,"column":28},"end":{"line":22,"column":29}},"loc":{"start":{"line":22,"column":34},"end":{"line":26,"column":1}},"line":22},"4":{"name":"HomeScreen","decl":{"start":{"line":30,"column":24},"end":{"line":30,"column":34}},"loc":{"start":{"line":30,"column":42},"end":{"line":116,"column":1}},"line":30},"5":{"name":"(anonymous_5)","decl":{"start":{"line":37,"column":20},"end":{"line":37,"column":21}},"loc":{"start":{"line":37,"column":32},"end":{"line":46,"column":3}},"line":37},"6":{"name":"(anonymous_6)","decl":{"start":{"line":48,"column":18},"end":{"line":48,"column":19}},"loc":{"start":{"line":48,"column":24},"end":{"line":51,"column":3}},"line":48},"7":{"name":"(anonymous_7)","decl":{"start":{"line":60,"column":24},"end":{"line":60,"column":25}},"loc":{"start":{"line":60,"column":30},"end":{"line":68,"column":3}},"line":60},"8":{"name":"(anonymous_8)","decl":{"start":{"line":62,"column":19},"end":{"line":62,"column":20}},"loc":{"start":{"line":63,"column":8},"end":{"line":66,"column":15}},"line":63},"9":{"name":"(anonymous_9)","decl":{"start":{"line":86,"column":25},"end":{"line":86,"column":26}},"loc":{"start":{"line":86,"column":31},"end":{"line":86,"column":34}},"line":86},"10":{"name":"(anonymous_10)","decl":{"start":{"line":94,"column":19},"end":{"line":94,"column":20}},"loc":{"start":{"line":94,"column":25},"end":{"line":96,"column":9}},"line":94}},"branchMap":{},"s":{"0":1,"1":1,"2":1,"3":1,"4":1,"5":1,"6":1,"7":1,"8":1,"9":3,"10":3,"11":3,"12":3,"13":3,"14":3,"15":3,"16":0,"17":0,"18":0,"19":3,"20":3,"21":3,"22":3,"23":3,"24":0,"25":3,"26":1,"27":1},"f":{"0":1,"1":1,"2":1,"3":1,"4":3,"5":3,"6":3,"7":3,"8":0,"9":0,"10":1},"b":{},"_coverageSchema":"1a1c01bbd47fc00a2c39e90264f33305004495a9","hash":"7b059deb68d5b4cf2de848c6fc6822f14ecc9a64"}
,"C:\\Users\\Laurentiu\\Desktop\\fac\\AN2SEM2\\MDS\\FMIQuiz\\screens\\ProfileScreen.js": {"path":"C:\\Users\\Laurentiu\\Desktop\\fac\\AN2SEM2\\MDS\\FMIQuiz\\screens\\ProfileScreen.js","statementMap":{"0":{"start":{"line":19,"column":15},"end":{"line":19,"column":36}},"1":{"start":{"line":20,"column":30},"end":{"line":20,"column":48}},"2":{"start":{"line":21,"column":42},"end":{"line":21,"column":60}},"3":{"start":{"line":23,"column":32},"end":{"line":23,"column":50}},"4":{"start":{"line":24,"column":42},"end":{"line":24,"column":60}},"5":{"start":{"line":27,"column":34},"end":{"line":27,"column":55}},"6":{"start":{"line":28,"column":38},"end":{"line":28,"column":59}},"7":{"start":{"line":30,"column":36},"end":{"line":30,"column":69}},"8":{"start":{"line":32,"column":44},"end":{"line":32,"column":77}},"9":{"start":{"line":35,"column":24},"end":{"line":51,"column":5}},"10":{"start":{"line":36,"column":27},"end":{"line":36,"column":80}},"11":{"start":{"line":37,"column":8},"end":{"line":50,"column":9}},"12":{"start":{"line":38,"column":12},"end":{"line":38,"column":79}},"13":{"start":{"line":40,"column":25},"end":{"line":45,"column":14}},"14":{"start":{"line":46,"column":12},"end":{"line":49,"column":13}},"15":{"start":{"line":47,"column":16},"end":{"line":47,"column":32}},"16":{"start":{"line":48,"column":16},"end":{"line":48,"column":44}},"17":{"start":{"line":52,"column":31},"end":{"line":67,"column":5}},"18":{"start":{"line":54,"column":21},"end":{"line":54,"column":30}},"19":{"start":{"line":55,"column":20},"end":{"line":55,"column":40}},"20":{"start":{"line":58,"column":32},"end":{"line":58,"column":69}},"21":{"start":{"line":61,"column":8},"end":{"line":61,"column":43}},"22":{"start":{"line":64,"column":32},"end":{"line":64,"column":70}},"23":{"start":{"line":66,"column":8},"end":{"line":66,"column":31}},"24":{"start":{"line":69,"column":32},"end":{"line":90,"column":5}},"25":{"start":{"line":70,"column":8},"end":{"line":70,"column":27}},"26":{"start":{"line":71,"column":21},"end":{"line":71,"column":30}},"27":{"start":{"line":72,"column":20},"end":{"line":72,"column":40}},"28":{"start":{"line":73,"column":24},"end":{"line":73,"column":55}},"29":{"start":{"line":78,"column":8},"end":{"line":88,"column":11}},"30":{"start":{"line":84,"column":12},"end":{"line":84,"column":30}},"31":{"start":{"line":85,"column":12},"end":{"line":85,"column":58}},"32":{"start":{"line":87,"column":12},"end":{"line":87,"column":62}},"33":{"start":{"line":89,"column":8},"end":{"line":89,"column":28}},"34":{"start":{"line":93,"column":22},"end":{"line":110,"column":5}},"35":{"start":{"line":94,"column":21},"end":{"line":94,"column":30}},"36":{"start":{"line":95,"column":20},"end":{"line":95,"column":40}},"37":{"start":{"line":96,"column":24},"end":{"line":96,"column":55}},"38":{"start":{"line":97,"column":25},"end":{"line":97,"column":44}},"39":{"start":{"line":98,"column":22},"end":{"line":98,"column":43}},"40":{"start":{"line":99,"column":28},"end":{"line":99,"column":55}},"41":{"start":{"line":100,"column":23},"end":{"line":100,"column":45}},"42":{"start":{"line":101,"column":28},"end":{"line":101,"column":55}},"43":{"start":{"line":102,"column":29},"end":{"line":102,"column":57}},"44":{"start":{"line":103,"column":8},"end":{"line":103,"column":24}},"45":{"start":{"line":104,"column":8},"end":{"line":104,"column":36}},"46":{"start":{"line":105,"column":8},"end":{"line":105,"column":26}},"47":{"start":{"line":106,"column":8},"end":{"line":106,"column":36}},"48":{"start":{"line":107,"column":8},"end":{"line":108,"column":42}},"49":{"start":{"line":108,"column":12},"end":{"line":108,"column":42}},"50":{"start":{"line":112,"column":4},"end":{"line":115,"column":11}},"51":{"start":{"line":113,"column":8},"end":{"line":113,"column":20}},"52":{"start":{"line":114,"column":8},"end":{"line":114,"column":33}},"53":{"start":{"line":117,"column":26},"end":{"line":120,"column":5}},"54":{"start":{"line":118,"column":8},"end":{"line":118,"column":25}},"55":{"start":{"line":119,"column":8},"end":{"line":119,"column":31}},"56":{"start":{"line":123,"column":21},"end":{"line":245,"column":5}},"57":{"start":{"line":124,"column":8},"end":{"line":217,"column":10}},"58":{"start":{"line":153,"column":46},"end":{"line":153,"column":66}},"59":{"start":{"line":170,"column":46},"end":{"line":170,"column":66}},"60":{"start":{"line":249,"column":4},"end":{"line":249,"column":34}},"61":{"start":{"line":252,"column":15},"end":{"line":314,"column":2}}},"fnMap":{"0":{"name":"ProfileScreen","decl":{"start":{"line":18,"column":24},"end":{"line":18,"column":37}},"loc":{"start":{"line":18,"column":45},"end":{"line":250,"column":1}},"line":18},"1":{"name":"(anonymous_1)","decl":{"start":{"line":35,"column":24},"end":{"line":35,"column":25}},"loc":{"start":{"line":35,"column":36},"end":{"line":51,"column":5}},"line":35},"2":{"name":"(anonymous_2)","decl":{"start":{"line":52,"column":31},"end":{"line":52,"column":32}},"loc":{"start":{"line":52,"column":46},"end":{"line":67,"column":5}},"line":52},"3":{"name":"(anonymous_3)","decl":{"start":{"line":69,"column":32},"end":{"line":69,"column":33}},"loc":{"start":{"line":69,"column":44},"end":{"line":90,"column":5}},"line":69},"4":{"name":"(anonymous_4)","decl":{"start":{"line":82,"column":16},"end":{"line":82,"column":17}},"loc":{"start":{"line":82,"column":22},"end":{"line":86,"column":9}},"line":82},"5":{"name":"(anonymous_5)","decl":{"start":{"line":86,"column":17},"end":{"line":86,"column":18}},"loc":{"start":{"line":86,"column":28},"end":{"line":88,"column":9}},"line":86},"6":{"name":"(anonymous_6)","decl":{"start":{"line":93,"column":22},"end":{"line":93,"column":23}},"loc":{"start":{"line":93,"column":34},"end":{"line":110,"column":5}},"line":93},"7":{"name":"(anonymous_7)","decl":{"start":{"line":112,"column":20},"end":{"line":112,"column":21}},"loc":{"start":{"line":112,"column":26},"end":{"line":115,"column":5}},"line":112},"8":{"name":"(anonymous_8)","decl":{"start":{"line":117,"column":26},"end":{"line":117,"column":27}},"loc":{"start":{"line":117,"column":32},"end":{"line":120,"column":5}},"line":117},"9":{"name":"(anonymous_9)","decl":{"start":{"line":123,"column":21},"end":{"line":123,"column":22}},"loc":{"start":{"line":123,"column":27},"end":{"line":245,"column":5}},"line":123},"10":{"name":"(anonymous_10)","decl":{"start":{"line":153,"column":38},"end":{"line":153,"column":39}},"loc":{"start":{"line":153,"column":46},"end":{"line":153,"column":66}},"line":153},"11":{"name":"(anonymous_11)","decl":{"start":{"line":170,"column":38},"end":{"line":170,"column":39}},"loc":{"start":{"line":170,"column":46},"end":{"line":170,"column":66}},"line":170}},"branchMap":{"0":{"loc":{"start":{"line":37,"column":8},"end":{"line":50,"column":9}},"type":"if","locations":[{"start":{"line":37,"column":8},"end":{"line":50,"column":9}},{"start":{"line":39,"column":15},"end":{"line":50,"column":9}}],"line":37},"1":{"loc":{"start":{"line":46,"column":12},"end":{"line":49,"column":13}},"type":"if","locations":[{"start":{"line":46,"column":12},"end":{"line":49,"column":13}},{"start":{},"end":{}}],"line":46},"2":{"loc":{"start":{"line":107,"column":8},"end":{"line":108,"column":42}},"type":"if","locations":[{"start":{"line":107,"column":8},"end":{"line":108,"column":42}},{"start":{},"end":{}}],"line":107},"3":{"loc":{"start":{"line":207,"column":21},"end":{"line":211,"column":21}},"type":"cond-expr","locations":[{"start":{"line":208,"column":24},"end":{"line":208,"column":86}},{"start":{"line":210,"column":24},"end":{"line":210,"column":98}}],"line":207}},"s":{"0":0,"1":0,"2":0,"3":0,"4":0,"5":0,"6":0,"7":0,"8":0,"9":0,"10":0,"11":0,"12":0,"13":0,"14":0,"15":0,"16":0,"17":0,"18":0,"19":0,"20":0,"21":0,"22":0,"23":0,"24":0,"25":0,"26":0,"27":0,"28":0,"29":0,"30":0,"31":0,"32":0,"33":0,"34":0,"35":0,"36":0,"37":0,"38":0,"39":0,"40":0,"41":0,"42":0,"43":0,"44":0,"45":0,"46":0,"47":0,"48":0,"49":0,"50":0,"51":0,"52":0,"53":0,"54":0,"55":0,"56":0,"57":0,"58":0,"59":0,"60":0,"61":1},"f":{"0":0,"1":0,"2":0,"3":0,"4":0,"5":0,"6":0,"7":0,"8":0,"9":0,"10":0,"11":0},"b":{"0":[0,0],"1":[0,0],"2":[0,0],"3":[0,0]},"_coverageSchema":"1a1c01bbd47fc00a2c39e90264f33305004495a9","hash":"664f28e901f230353eb0fe3ffbd7275ad38d7aac"}
}
