{"C:\\Users\\Laurentiu\\Desktop\\fac\\AN2SEM2\\MDS\\FMIQuiz\\assets\\arrowRight.png": {"path":"C:\\Users\\Laurentiu\\Desktop\\fac\\AN2SEM2\\MDS\\FMIQuiz\\assets\\arrowRight.png","statementMap":{"0":{"start":{"line":1,"column":0},"end":{"line":4,"column":6}}},"fnMap":{},"branchMap":{},"s":{"0":1},"f":{},"b":{},"_coverageSchema":"1a1c01bbd47fc00a2c39e90264f33305004495a9","hash":"09f804c60bb7ddedf2a41c6a64c41731e42a622d"}
,"C:\\Users\\Laurentiu\\Desktop\\fac\\AN2SEM2\\MDS\\FMIQuiz\\components\\TileItem.js": {"path":"C:\\Users\\Laurentiu\\Desktop\\fac\\AN2SEM2\\MDS\\FMIQuiz\\components\\TileItem.js","statementMap":{"0":{"start":{"line":4,"column":17},"end":{"line":16,"column":1}},"1":{"start":{"line":5,"column":2},"end":{"line":15,"column":3}},"2":{"start":{"line":18,"column":15},"end":{"line":42,"column":2}}},"fnMap":{"0":{"name":"(anonymous_0)","decl":{"start":{"line":4,"column":17},"end":{"line":4,"column":18}},"loc":{"start":{"line":4,"column":67},"end":{"line":16,"column":1}},"line":4}},"branchMap":{},"s":{"0":2,"1":1,"2":2},"f":{"0":1},"b":{},"_coverageSchema":"1a1c01bbd47fc00a2c39e90264f33305004495a9","hash":"8a43097f4c52850a53e9ddea45809aec422250de"}
,"C:\\Users\\Laurentiu\\Desktop\\fac\\AN2SEM2\\MDS\\FMIQuiz\\components\\createQuiz.js": {"path":"C:\\Users\\Laurentiu\\Desktop\\fac\\AN2SEM2\\MDS\\FMIQuiz\\components\\createQuiz.js","statementMap":{"0":{"start":{"line":8,"column":23},"end":{"line":23,"column":1}},"1":{"start":{"line":9,"column":23},"end":{"line":9,"column":76}},"2":{"start":{"line":10,"column":4},"end":{"line":22,"column":5}},"3":{"start":{"line":11,"column":8},"end":{"line":11,"column":81}},"4":{"start":{"line":13,"column":21},"end":{"line":18,"column":10}},"5":{"start":{"line":19,"column":8},"end":{"line":21,"column":9}},"6":{"start":{"line":20,"column":12},"end":{"line":20,"column":37}},"7":{"start":{"line":26,"column":26},"end":{"line":28,"column":1}},"8":{"start":{"line":27,"column":4},"end":{"line":27,"column":27}},"9":{"start":{"line":31,"column":28},"end":{"line":33,"column":1}},"10":{"start":{"line":32,"column":4},"end":{"line":32,"column":31}},"11":{"start":{"line":39,"column":36},"end":{"line":39,"column":54}},"12":{"start":{"line":40,"column":50},"end":{"line":40,"column":68}},"13":{"start":{"line":41,"column":38},"end":{"line":41,"column":56}},"14":{"start":{"line":42,"column":46},"end":{"line":42,"column":67}},"15":{"start":{"line":46,"column":4},"end":{"line":57,"column":5}},"16":{"start":{"line":53,"column":49},"end":{"line":53,"column":77}},"17":{"start":{"line":54,"column":52},"end":{"line":54,"column":87}},"18":{"start":{"line":55,"column":83},"end":{"line":55,"column":120}}},"fnMap":{"0":{"name":"(anonymous_0)","decl":{"start":{"line":8,"column":23},"end":{"line":8,"column":24}},"loc":{"start":{"line":8,"column":47},"end":{"line":23,"column":1}},"line":8},"1":{"name":"(anonymous_1)","decl":{"start":{"line":26,"column":26},"end":{"line":26,"column":27}},"loc":{"start":{"line":26,"column":48},"end":{"line":28,"column":1}},"line":26},"2":{"name":"(anonymous_2)","decl":{"start":{"line":31,"column":28},"end":{"line":31,"column":29}},"loc":{"start":{"line":31,"column":60},"end":{"line":33,"column":1}},"line":31},"3":{"name":"CreateQuiz","decl":{"start":{"line":38,"column":24},"end":{"line":38,"column":34}},"loc":{"start":{"line":38,"column":37},"end":{"line":58,"column":1}},"line":38},"4":{"name":"(anonymous_4)","decl":{"start":{"line":53,"column":43},"end":{"line":53,"column":44}},"loc":{"start":{"line":53,"column":49},"end":{"line":53,"column":77}},"line":53},"5":{"name":"(anonymous_5)","decl":{"start":{"line":54,"column":46},"end":{"line":54,"column":47}},"loc":{"start":{"line":54,"column":52},"end":{"line":54,"column":87}},"line":54},"6":{"name":"(anonymous_6)","decl":{"start":{"line":55,"column":77},"end":{"line":55,"column":78}},"loc":{"start":{"line":55,"column":83},"end":{"line":55,"column":120}},"line":55}},"branchMap":{"0":{"loc":{"start":{"line":10,"column":4},"end":{"line":22,"column":5}},"type":"if","locations":[{"start":{"line":10,"column":4},"end":{"line":22,"column":5}},{"start":{"line":12,"column":11},"end":{"line":22,"column":5}}],"line":10},"1":{"loc":{"start":{"line":19,"column":8},"end":{"line":21,"column":9}},"type":"if","locations":[{"start":{"line":19,"column":8},"end":{"line":21,"column":9}},{"start":{},"end":{}}],"line":19},"2":{"loc":{"start":{"line":52,"column":9},"end":{"line":53,"column":81}},"type":"cond-expr","locations":[{"start":{"line":52,"column":21},"end":{"line":52,"column":94}},{"start":{"line":53,"column":8},"end":{"line":53,"column":81}}],"line":52},"3":{"loc":{"start":{"line":55,"column":9},"end":{"line":55,"column":131}},"type":"cond-expr","locations":[{"start":{"line":55,"column":25},"end":{"line":55,"column":124}},{"start":{"line":55,"column":127},"end":{"line":55,"column":131}}],"line":55}},"s":{"0":1,"1":2,"2":2,"3":1,"4":1,"5":1,"6":1,"7":1,"8":1,"9":1,"10":1,"11":1,"12":1,"13":1,"14":1,"15":1,"16":0,"17":0,"18":0},"f":{"0":2,"1":1,"2":1,"3":1,"4":0,"5":0,"6":0},"b":{"0":[1,1],"1":[1,0],"2":[0,1],"3":[0,1]},"_coverageSchema":"1a1c01bbd47fc00a2c39e90264f33305004495a9","hash":"fff40d09644ffb8be355f9c410507eef71193671"}
,"C:\\Users\\Laurentiu\\Desktop\\fac\\AN2SEM2\\MDS\\FMIQuiz\\components\\question.js": {"path":"C:\\Users\\Laurentiu\\Desktop\\fac\\AN2SEM2\\MDS\\FMIQuiz\\components\\question.js","statementMap":{"0":{"start":{"line":6,"column":36},"end":{"line":6,"column":54}},"1":{"start":{"line":7,"column":34},"end":{"line":7,"column":66}},"2":{"start":{"line":8,"column":46},"end":{"line":8,"column":64}},"3":{"start":{"line":9,"column":44},"end":{"line":9,"column":65}},"4":{"start":{"line":10,"column":30},"end":{"line":10,"column":47}},"5":{"start":{"line":11,"column":32},"end":{"line":11,"column":49}},"6":{"start":{"line":12,"column":30},"end":{"line":12,"column":48}},"7":{"start":{"line":16,"column":46},"end":{"line":16,"column":75}},"8":{"start":{"line":17,"column":33},"end":{"line":20,"column":5}},"9":{"start":{"line":18,"column":8},"end":{"line":18,"column":35}},"10":{"start":{"line":19,"column":8},"end":{"line":19,"column":33}},"11":{"start":{"line":22,"column":31},"end":{"line":26,"column":5}},"12":{"start":{"line":23,"column":27},"end":{"line":23,"column":39}},"13":{"start":{"line":24,"column":8},"end":{"line":24,"column":34}},"14":{"start":{"line":25,"column":8},"end":{"line":25,"column":31}},"15":{"start":{"line":28,"column":27},"end":{"line":43,"column":5}},"16":{"start":{"line":29,"column":27},"end":{"line":29,"column":80}},"17":{"start":{"line":30,"column":8},"end":{"line":42,"column":9}},"18":{"start":{"line":31,"column":12},"end":{"line":31,"column":79}},"19":{"start":{"line":33,"column":25},"end":{"line":38,"column":14}},"20":{"start":{"line":39,"column":12},"end":{"line":41,"column":13}},"21":{"start":{"line":40,"column":16},"end":{"line":40,"column":37}},"22":{"start":{"line":45,"column":25},"end":{"line":59,"column":5}},"23":{"start":{"line":46,"column":28},"end":{"line":54,"column":9}},"24":{"start":{"line":56,"column":8},"end":{"line":56,"column":36}},"25":{"start":{"line":58,"column":8},"end":{"line":58,"column":33}},"26":{"start":{"line":61,"column":4},"end":{"line":106,"column":5}},"27":{"start":{"line":66,"column":12},"end":{"line":72,"column":14}},"28":{"start":{"line":69,"column":41},"end":{"line":69,"column":73}},"29":{"start":{"line":70,"column":39},"end":{"line":70,"column":66}}},"fnMap":{"0":{"name":"Question","decl":{"start":{"line":5,"column":24},"end":{"line":5,"column":32}},"loc":{"start":{"line":5,"column":40},"end":{"line":107,"column":1}},"line":5},"1":{"name":"(anonymous_1)","decl":{"start":{"line":17,"column":33},"end":{"line":17,"column":34}},"loc":{"start":{"line":17,"column":47},"end":{"line":20,"column":5}},"line":17},"2":{"name":"(anonymous_2)","decl":{"start":{"line":22,"column":31},"end":{"line":22,"column":32}},"loc":{"start":{"line":22,"column":49},"end":{"line":26,"column":5}},"line":22},"3":{"name":"(anonymous_3)","decl":{"start":{"line":28,"column":27},"end":{"line":28,"column":28}},"loc":{"start":{"line":28,"column":39},"end":{"line":43,"column":5}},"line":28},"4":{"name":"(anonymous_4)","decl":{"start":{"line":45,"column":25},"end":{"line":45,"column":26}},"loc":{"start":{"line":45,"column":31},"end":{"line":59,"column":5}},"line":45},"5":{"name":"(anonymous_5)","decl":{"start":{"line":65,"column":21},"end":{"line":65,"column":22}},"loc":{"start":{"line":66,"column":12},"end":{"line":72,"column":14}},"line":66},"6":{"name":"(anonymous_6)","decl":{"start":{"line":69,"column":30},"end":{"line":69,"column":31}},"loc":{"start":{"line":69,"column":41},"end":{"line":69,"column":73}},"line":69},"7":{"name":"(anonymous_7)","decl":{"start":{"line":70,"column":33},"end":{"line":70,"column":34}},"loc":{"start":{"line":70,"column":39},"end":{"line":70,"column":66}},"line":70}},"branchMap":{"0":{"loc":{"start":{"line":30,"column":8},"end":{"line":42,"column":9}},"type":"if","locations":[{"start":{"line":30,"column":8},"end":{"line":42,"column":9}},{"start":{"line":32,"column":15},"end":{"line":42,"column":9}}],"line":30},"1":{"loc":{"start":{"line":39,"column":12},"end":{"line":41,"column":13}},"type":"if","locations":[{"start":{"line":39,"column":12},"end":{"line":41,"column":13}},{"start":{},"end":{}}],"line":39},"2":{"loc":{"start":{"line":85,"column":9},"end":{"line":94,"column":9}},"type":"binary-expr","locations":[{"start":{"line":85,"column":9},"end":{"line":85,"column":21}},{"start":{"line":86,"column":12},"end":{"line":93,"column":15}}],"line":85},"3":{"loc":{"start":{"line":101,"column":9},"end":{"line":102,"column":61}},"type":"cond-expr","locations":[{"start":{"line":101,"column":17},"end":{"line":101,"column":86}},{"start":{"line":102,"column":8},"end":{"line":102,"column":61}}],"line":101}},"s":{"0":0,"1":0,"2":0,"3":0,"4":0,"5":0,"6":0,"7":0,"8":0,"9":0,"10":0,"11":0,"12":0,"13":0,"14":0,"15":0,"16":0,"17":0,"18":0,"19":0,"20":0,"21":0,"22":0,"23":0,"24":0,"25":0,"26":0,"27":0,"28":0,"29":0},"f":{"0":0,"1":0,"2":0,"3":0,"4":0,"5":0,"6":0,"7":0},"b":{"0":[0,0],"1":[0,0],"2":[0,0],"3":[0,0]},"_coverageSchema":"1a1c01bbd47fc00a2c39e90264f33305004495a9","hash":"10fb0d304c66db19287ad97bd692d9b8e6816d84"}
,"C:\\Users\\Laurentiu\\Desktop\\fac\\AN2SEM2\\MDS\\FMIQuiz\\components\\sidebar.js": {"path":"C:\\Users\\Laurentiu\\Desktop\\fac\\AN2SEM2\\MDS\\FMIQuiz\\components\\sidebar.js","statementMap":{"0":{"start":{"line":10,"column":0},"end":{"line":10,"column":45}},"1":{"start":{"line":12,"column":20},"end":{"line":14,"column":3}},"2":{"start":{"line":13,"column":2},"end":{"line":13,"column":32}},"3":{"start":{"line":15,"column":24},"end":{"line":17,"column":3}},"4":{"start":{"line":16,"column":2},"end":{"line":16,"column":36}},"5":{"start":{"line":18,"column":17},"end":{"line":20,"column":3}},"6":{"start":{"line":19,"column":2},"end":{"line":19,"column":29}},"7":{"start":{"line":24,"column":15},"end":{"line":45,"column":1}},"8":{"start":{"line":25,"column":21},"end":{"line":25,"column":36}},"9":{"start":{"line":29,"column":2},"end":{"line":44,"column":4}},"10":{"start":{"line":32,"column":23},"end":{"line":32,"column":43}},"11":{"start":{"line":36,"column":23},"end":{"line":36,"column":46}},"12":{"start":{"line":40,"column":21},"end":{"line":40,"column":48}},"13":{"start":{"line":47,"column":15},"end":{"line":67,"column":2}}},"fnMap":{"0":{"name":"(anonymous_0)","decl":{"start":{"line":12,"column":20},"end":{"line":12,"column":21}},"loc":{"start":{"line":12,"column":36},"end":{"line":14,"column":3}},"line":12},"1":{"name":"(anonymous_1)","decl":{"start":{"line":15,"column":24},"end":{"line":15,"column":25}},"loc":{"start":{"line":15,"column":40},"end":{"line":17,"column":3}},"line":15},"2":{"name":"(anonymous_2)","decl":{"start":{"line":18,"column":17},"end":{"line":18,"column":18}},"loc":{"start":{"line":18,"column":33},"end":{"line":20,"column":3}},"line":18},"3":{"name":"(anonymous_3)","decl":{"start":{"line":24,"column":15},"end":{"line":24,"column":16}},"loc":{"start":{"line":24,"column":21},"end":{"line":45,"column":1}},"line":24},"4":{"name":"(anonymous_4)","decl":{"start":{"line":32,"column":17},"end":{"line":32,"column":18}},"loc":{"start":{"line":32,"column":23},"end":{"line":32,"column":43}},"line":32},"5":{"name":"(anonymous_5)","decl":{"start":{"line":36,"column":17},"end":{"line":36,"column":18}},"loc":{"start":{"line":36,"column":23},"end":{"line":36,"column":46}},"line":36},"6":{"name":"(anonymous_6)","decl":{"start":{"line":40,"column":17},"end":{"line":40,"column":18}},"loc":{"start":{"line":40,"column":21},"end":{"line":40,"column":48}},"line":40}},"branchMap":{},"s":{"0":2,"1":2,"2":2,"3":2,"4":2,"5":2,"6":2,"7":2,"8":5,"9":5,"10":1,"11":1,"12":1,"13":2},"f":{"0":2,"1":2,"2":2,"3":5,"4":1,"5":1,"6":1},"b":{},"_coverageSchema":"1a1c01bbd47fc00a2c39e90264f33305004495a9","hash":"456183a717fec1adabceaba4907768217287cc32"}
,"C:\\Users\\Laurentiu\\Desktop\\fac\\AN2SEM2\\MDS\\FMIQuiz\\screens\\HomeScreen.js": {"path":"C:\\Users\\Laurentiu\\Desktop\\fac\\AN2SEM2\\MDS\\FMIQuiz\\screens\\HomeScreen.js","statementMap":{"0":{"start":{"line":8,"column":21},"end":{"line":13,"column":1}},"1":{"start":{"line":9,"column":15},"end":{"line":9,"column":24}},"2":{"start":{"line":10,"column":2},"end":{"line":12,"column":4}},"3":{"start":{"line":11,"column":4},"end":{"line":11,"column":46}},"4":{"start":{"line":15,"column":19},"end":{"line":19,"column":1}},"5":{"start":{"line":16,"column":2},"end":{"line":18,"column":21}},"6":{"start":{"line":21,"column":28},"end":{"line":25,"column":1}},"7":{"start":{"line":22,"column":2},"end":{"line":22,"column":30}},"8":{"start":{"line":23,"column":2},"end":{"line":23,"column":33}},"9":{"start":{"line":31,"column":13},"end":{"line":31,"column":34}},"10":{"start":{"line":32,"column":40},"end":{"line":32,"column":58}},"11":{"start":{"line":33,"column":21},"end":{"line":33,"column":36}},"12":{"start":{"line":36,"column":20},"end":{"line":45,"column":3}},"13":{"start":{"line":37,"column":17},"end":{"line":37,"column":26}},"14":{"start":{"line":38,"column":16},"end":{"line":38,"column":36}},"15":{"start":{"line":39,"column":20},"end":{"line":39,"column":51}},"16":{"start":{"line":40,"column":21},"end":{"line":40,"column":40}},"17":{"start":{"line":41,"column":24},"end":{"line":41,"column":51}},"18":{"start":{"line":42,"column":4},"end":{"line":42,"column":32}},"19":{"start":{"line":47,"column":2},"end":{"line":50,"column":9}},"20":{"start":{"line":48,"column":4},"end":{"line":48,"column":16}},"21":{"start":{"line":49,"column":4},"end":{"line":49,"column":34}},"22":{"start":{"line":53,"column":2},"end":{"line":60,"column":19}},"23":{"start":{"line":54,"column":4},"end":{"line":59,"column":7}},"24":{"start":{"line":56,"column":8},"end":{"line":58,"column":15}},"25":{"start":{"line":57,"column":37},"end":{"line":57,"column":68}},"26":{"start":{"line":63,"column":2},"end":{"line":106,"column":3}},"27":{"start":{"line":86,"column":10},"end":{"line":86,"column":43}},"28":{"start":{"line":94,"column":25},"end":{"line":94,"column":49}},"29":{"start":{"line":110,"column":15},"end":{"line":160,"column":2}}},"fnMap":{"0":{"name":"(anonymous_0)","decl":{"start":{"line":8,"column":21},"end":{"line":8,"column":22}},"loc":{"start":{"line":8,"column":37},"end":{"line":13,"column":1}},"line":8},"1":{"name":"(anonymous_1)","decl":{"start":{"line":10,"column":22},"end":{"line":10,"column":23}},"loc":{"start":{"line":10,"column":28},"end":{"line":12,"column":3}},"line":10},"2":{"name":"(anonymous_2)","decl":{"start":{"line":15,"column":19},"end":{"line":15,"column":20}},"loc":{"start":{"line":16,"column":2},"end":{"line":18,"column":21}},"line":16},"3":{"name":"(anonymous_3)","decl":{"start":{"line":21,"column":28},"end":{"line":21,"column":29}},"loc":{"start":{"line":21,"column":44},"end":{"line":25,"column":1}},"line":21},"4":{"name":"HomeScreen","decl":{"start":{"line":29,"column":24},"end":{"line":29,"column":34}},"loc":{"start":{"line":29,"column":42},"end":{"line":107,"column":1}},"line":29},"5":{"name":"(anonymous_5)","decl":{"start":{"line":36,"column":20},"end":{"line":36,"column":21}},"loc":{"start":{"line":36,"column":32},"end":{"line":45,"column":3}},"line":36},"6":{"name":"(anonymous_6)","decl":{"start":{"line":47,"column":18},"end":{"line":47,"column":19}},"loc":{"start":{"line":47,"column":24},"end":{"line":50,"column":3}},"line":47},"7":{"name":"(anonymous_7)","decl":{"start":{"line":53,"column":24},"end":{"line":53,"column":25}},"loc":{"start":{"line":53,"column":30},"end":{"line":60,"column":3}},"line":53},"8":{"name":"(anonymous_8)","decl":{"start":{"line":55,"column":19},"end":{"line":55,"column":20}},"loc":{"start":{"line":56,"column":8},"end":{"line":58,"column":15}},"line":56},"9":{"name":"(anonymous_9)","decl":{"start":{"line":57,"column":31},"end":{"line":57,"column":32}},"loc":{"start":{"line":57,"column":37},"end":{"line":57,"column":68}},"line":57},"10":{"name":"(anonymous_10)","decl":{"start":{"line":77,"column":25},"end":{"line":77,"column":26}},"loc":{"start":{"line":77,"column":31},"end":{"line":77,"column":34}},"line":77},"11":{"name":"(anonymous_11)","decl":{"start":{"line":85,"column":19},"end":{"line":85,"column":20}},"loc":{"start":{"line":85,"column":25},"end":{"line":87,"column":9}},"line":85},"12":{"name":"(anonymous_12)","decl":{"start":{"line":94,"column":19},"end":{"line":94,"column":20}},"loc":{"start":{"line":94,"column":25},"end":{"line":94,"column":49}},"line":94}},"branchMap":{},"s":{"0":2,"1":1,"2":1,"3":1,"4":2,"5":1,"6":2,"7":1,"8":1,"9":3,"10":3,"11":3,"12":3,"13":3,"14":3,"15":3,"16":0,"17":0,"18":0,"19":3,"20":3,"21":3,"22":3,"23":3,"24":0,"25":0,"26":3,"27":1,"28":1,"29":2},"f":{"0":1,"1":1,"2":1,"3":1,"4":3,"5":3,"6":3,"7":3,"8":0,"9":0,"10":0,"11":1,"12":1},"b":{},"_coverageSchema":"1a1c01bbd47fc00a2c39e90264f33305004495a9","hash":"4c609ce7b3f3aeb1c7c0bde5d066a990bc0f7d7e"}
,"C:\\Users\\Laurentiu\\Desktop\\fac\\AN2SEM2\\MDS\\FMIQuiz\\screens\\ProfileScreen.js": {"path":"C:\\Users\\Laurentiu\\Desktop\\fac\\AN2SEM2\\MDS\\FMIQuiz\\screens\\ProfileScreen.js","statementMap":{"0":{"start":{"line":19,"column":15},"end":{"line":19,"column":36}},"1":{"start":{"line":20,"column":30},"end":{"line":20,"column":48}},"2":{"start":{"line":21,"column":42},"end":{"line":21,"column":60}},"3":{"start":{"line":23,"column":32},"end":{"line":23,"column":50}},"4":{"start":{"line":24,"column":42},"end":{"line":24,"column":60}},"5":{"start":{"line":27,"column":34},"end":{"line":27,"column":55}},"6":{"start":{"line":28,"column":38},"end":{"line":28,"column":59}},"7":{"start":{"line":30,"column":36},"end":{"line":30,"column":69}},"8":{"start":{"line":32,"column":44},"end":{"line":32,"column":77}},"9":{"start":{"line":35,"column":24},"end":{"line":51,"column":5}},"10":{"start":{"line":36,"column":27},"end":{"line":36,"column":80}},"11":{"start":{"line":37,"column":8},"end":{"line":50,"column":9}},"12":{"start":{"line":38,"column":12},"end":{"line":38,"column":79}},"13":{"start":{"line":40,"column":25},"end":{"line":45,"column":14}},"14":{"start":{"line":46,"column":12},"end":{"line":49,"column":13}},"15":{"start":{"line":47,"column":16},"end":{"line":47,"column":32}},"16":{"start":{"line":48,"column":16},"end":{"line":48,"column":44}},"17":{"start":{"line":52,"column":31},"end":{"line":67,"column":5}},"18":{"start":{"line":54,"column":21},"end":{"line":54,"column":30}},"19":{"start":{"line":55,"column":20},"end":{"line":55,"column":40}},"20":{"start":{"line":58,"column":32},"end":{"line":58,"column":69}},"21":{"start":{"line":61,"column":8},"end":{"line":61,"column":43}},"22":{"start":{"line":64,"column":32},"end":{"line":64,"column":70}},"23":{"start":{"line":66,"column":8},"end":{"line":66,"column":31}},"24":{"start":{"line":69,"column":32},"end":{"line":90,"column":5}},"25":{"start":{"line":70,"column":8},"end":{"line":70,"column":27}},"26":{"start":{"line":71,"column":21},"end":{"line":71,"column":30}},"27":{"start":{"line":72,"column":20},"end":{"line":72,"column":40}},"28":{"start":{"line":73,"column":24},"end":{"line":73,"column":55}},"29":{"start":{"line":78,"column":8},"end":{"line":88,"column":11}},"30":{"start":{"line":84,"column":12},"end":{"line":84,"column":30}},"31":{"start":{"line":85,"column":12},"end":{"line":85,"column":58}},"32":{"start":{"line":87,"column":12},"end":{"line":87,"column":62}},"33":{"start":{"line":89,"column":8},"end":{"line":89,"column":28}},"34":{"start":{"line":93,"column":22},"end":{"line":110,"column":5}},"35":{"start":{"line":94,"column":21},"end":{"line":94,"column":30}},"36":{"start":{"line":95,"column":20},"end":{"line":95,"column":40}},"37":{"start":{"line":96,"column":24},"end":{"line":96,"column":55}},"38":{"start":{"line":97,"column":25},"end":{"line":97,"column":44}},"39":{"start":{"line":98,"column":22},"end":{"line":98,"column":43}},"40":{"start":{"line":99,"column":28},"end":{"line":99,"column":55}},"41":{"start":{"line":100,"column":23},"end":{"line":100,"column":45}},"42":{"start":{"line":101,"column":28},"end":{"line":101,"column":55}},"43":{"start":{"line":102,"column":29},"end":{"line":102,"column":57}},"44":{"start":{"line":103,"column":8},"end":{"line":103,"column":24}},"45":{"start":{"line":104,"column":8},"end":{"line":104,"column":36}},"46":{"start":{"line":105,"column":8},"end":{"line":105,"column":26}},"47":{"start":{"line":106,"column":8},"end":{"line":106,"column":36}},"48":{"start":{"line":107,"column":8},"end":{"line":108,"column":42}},"49":{"start":{"line":108,"column":12},"end":{"line":108,"column":42}},"50":{"start":{"line":112,"column":4},"end":{"line":115,"column":11}},"51":{"start":{"line":113,"column":8},"end":{"line":113,"column":20}},"52":{"start":{"line":114,"column":8},"end":{"line":114,"column":33}},"53":{"start":{"line":117,"column":26},"end":{"line":120,"column":5}},"54":{"start":{"line":118,"column":8},"end":{"line":118,"column":25}},"55":{"start":{"line":119,"column":8},"end":{"line":119,"column":31}},"56":{"start":{"line":123,"column":21},"end":{"line":245,"column":5}},"57":{"start":{"line":124,"column":8},"end":{"line":217,"column":10}},"58":{"start":{"line":153,"column":46},"end":{"line":153,"column":66}},"59":{"start":{"line":170,"column":46},"end":{"line":170,"column":66}},"60":{"start":{"line":249,"column":4},"end":{"line":249,"column":34}},"61":{"start":{"line":252,"column":15},"end":{"line":314,"column":2}}},"fnMap":{"0":{"name":"ProfileScreen","decl":{"start":{"line":18,"column":24},"end":{"line":18,"column":37}},"loc":{"start":{"line":18,"column":45},"end":{"line":250,"column":1}},"line":18},"1":{"name":"(anonymous_1)","decl":{"start":{"line":35,"column":24},"end":{"line":35,"column":25}},"loc":{"start":{"line":35,"column":36},"end":{"line":51,"column":5}},"line":35},"2":{"name":"(anonymous_2)","decl":{"start":{"line":52,"column":31},"end":{"line":52,"column":32}},"loc":{"start":{"line":52,"column":46},"end":{"line":67,"column":5}},"line":52},"3":{"name":"(anonymous_3)","decl":{"start":{"line":69,"column":32},"end":{"line":69,"column":33}},"loc":{"start":{"line":69,"column":44},"end":{"line":90,"column":5}},"line":69},"4":{"name":"(anonymous_4)","decl":{"start":{"line":82,"column":16},"end":{"line":82,"column":17}},"loc":{"start":{"line":82,"column":22},"end":{"line":86,"column":9}},"line":82},"5":{"name":"(anonymous_5)","decl":{"start":{"line":86,"column":17},"end":{"line":86,"column":18}},"loc":{"start":{"line":86,"column":28},"end":{"line":88,"column":9}},"line":86},"6":{"name":"(anonymous_6)","decl":{"start":{"line":93,"column":22},"end":{"line":93,"column":23}},"loc":{"start":{"line":93,"column":34},"end":{"line":110,"column":5}},"line":93},"7":{"name":"(anonymous_7)","decl":{"start":{"line":112,"column":20},"end":{"line":112,"column":21}},"loc":{"start":{"line":112,"column":26},"end":{"line":115,"column":5}},"line":112},"8":{"name":"(anonymous_8)","decl":{"start":{"line":117,"column":26},"end":{"line":117,"column":27}},"loc":{"start":{"line":117,"column":32},"end":{"line":120,"column":5}},"line":117},"9":{"name":"(anonymous_9)","decl":{"start":{"line":123,"column":21},"end":{"line":123,"column":22}},"loc":{"start":{"line":123,"column":27},"end":{"line":245,"column":5}},"line":123},"10":{"name":"(anonymous_10)","decl":{"start":{"line":153,"column":38},"end":{"line":153,"column":39}},"loc":{"start":{"line":153,"column":46},"end":{"line":153,"column":66}},"line":153},"11":{"name":"(anonymous_11)","decl":{"start":{"line":170,"column":38},"end":{"line":170,"column":39}},"loc":{"start":{"line":170,"column":46},"end":{"line":170,"column":66}},"line":170}},"branchMap":{"0":{"loc":{"start":{"line":37,"column":8},"end":{"line":50,"column":9}},"type":"if","locations":[{"start":{"line":37,"column":8},"end":{"line":50,"column":9}},{"start":{"line":39,"column":15},"end":{"line":50,"column":9}}],"line":37},"1":{"loc":{"start":{"line":46,"column":12},"end":{"line":49,"column":13}},"type":"if","locations":[{"start":{"line":46,"column":12},"end":{"line":49,"column":13}},{"start":{},"end":{}}],"line":46},"2":{"loc":{"start":{"line":107,"column":8},"end":{"line":108,"column":42}},"type":"if","locations":[{"start":{"line":107,"column":8},"end":{"line":108,"column":42}},{"start":{},"end":{}}],"line":107},"3":{"loc":{"start":{"line":207,"column":21},"end":{"line":211,"column":21}},"type":"cond-expr","locations":[{"start":{"line":208,"column":24},"end":{"line":208,"column":86}},{"start":{"line":210,"column":24},"end":{"line":210,"column":98}}],"line":207}},"s":{"0":0,"1":0,"2":0,"3":0,"4":0,"5":0,"6":0,"7":0,"8":0,"9":0,"10":0,"11":0,"12":0,"13":0,"14":0,"15":0,"16":0,"17":0,"18":0,"19":0,"20":0,"21":0,"22":0,"23":0,"24":0,"25":0,"26":0,"27":0,"28":0,"29":0,"30":0,"31":0,"32":0,"33":0,"34":0,"35":0,"36":0,"37":0,"38":0,"39":0,"40":0,"41":0,"42":0,"43":0,"44":0,"45":0,"46":0,"47":0,"48":0,"49":0,"50":0,"51":0,"52":0,"53":0,"54":0,"55":0,"56":0,"57":0,"58":0,"59":0,"60":0,"61":2},"f":{"0":0,"1":0,"2":0,"3":0,"4":0,"5":0,"6":0,"7":0,"8":0,"9":0,"10":0,"11":0},"b":{"0":[0,0],"1":[0,0],"2":[0,0],"3":[0,0]},"_coverageSchema":"1a1c01bbd47fc00a2c39e90264f33305004495a9","hash":"664f28e901f230353eb0fe3ffbd7275ad38d7aac"}
,"C:\\Users\\Laurentiu\\Desktop\\fac\\AN2SEM2\\MDS\\FMIQuiz\\screens\\SettingsScreen.js": {"path":"C:\\Users\\Laurentiu\\Desktop\\fac\\AN2SEM2\\MDS\\FMIQuiz\\screens\\SettingsScreen.js","statementMap":{"0":{"start":{"line":9,"column":24},"end":{"line":12,"column":1}},"1":{"start":{"line":10,"column":2},"end":{"line":10,"column":23}},"2":{"start":{"line":11,"column":2},"end":{"line":11,"column":41}},"3":{"start":{"line":17,"column":34},"end":{"line":17,"column":49}},"4":{"start":{"line":18,"column":21},"end":{"line":18,"column":36}},"5":{"start":{"line":25,"column":2},"end":{"line":52,"column":4}},"6":{"start":{"line":35,"column":29},"end":{"line":35,"column":67}},"7":{"start":{"line":41,"column":29},"end":{"line":41,"column":71}},"8":{"start":{"line":48,"column":29},"end":{"line":48,"column":72}},"9":{"start":{"line":55,"column":15},"end":{"line":126,"column":2}}},"fnMap":{"0":{"name":"(anonymous_0)","decl":{"start":{"line":9,"column":24},"end":{"line":9,"column":25}},"loc":{"start":{"line":9,"column":46},"end":{"line":12,"column":1}},"line":9},"1":{"name":"SettingsScreen","decl":{"start":{"line":16,"column":24},"end":{"line":16,"column":38}},"loc":{"start":{"line":16,"column":41},"end":{"line":53,"column":1}},"line":16},"2":{"name":"(anonymous_2)","decl":{"start":{"line":35,"column":23},"end":{"line":35,"column":24}},"loc":{"start":{"line":35,"column":29},"end":{"line":35,"column":67}},"line":35},"3":{"name":"(anonymous_3)","decl":{"start":{"line":41,"column":23},"end":{"line":41,"column":24}},"loc":{"start":{"line":41,"column":29},"end":{"line":41,"column":71}},"line":41},"4":{"name":"(anonymous_4)","decl":{"start":{"line":48,"column":23},"end":{"line":48,"column":24}},"loc":{"start":{"line":48,"column":29},"end":{"line":48,"column":72}},"line":48}},"branchMap":{},"s":{"0":1,"1":6,"2":6,"3":8,"4":8,"5":8,"6":0,"7":0,"8":0,"9":1},"f":{"0":6,"1":8,"2":0,"3":0,"4":0},"b":{},"_coverageSchema":"1a1c01bbd47fc00a2c39e90264f33305004495a9","hash":"04e3d6c3c05f3316cd66434893151d06d1dc5684"}
}
