TN:
SF:assets\arrowRight.png
FNF:0
FNH:0
DA:1,1
LF:1
LH:1
BRF:0
BRH:0
end_of_record
TN:
SF:components\TileItem.js
FN:4,(anonymous_0)
FNF:1
FNH:1
FNDA:1,(anonymous_0)
DA:4,2
DA:5,1
DA:18,2
LF:3
LH:3
BRF:0
BRH:0
end_of_record
TN:
SF:components\createQuiz.js
FN:8,(anonymous_0)
FN:26,(anonymous_1)
FN:31,(anonymous_2)
FN:38,CreateQuiz
FN:53,(anonymous_4)
FN:54,(anonymous_5)
FN:55,(anonymous_6)
FNF:7
FNH:4
FNDA:2,(anonymous_0)
FNDA:1,(anonymous_1)
FNDA:1,(anonymous_2)
FNDA:1,CreateQuiz
FNDA:0,(anonymous_4)
FNDA:0,(anonymous_5)
FNDA:0,(anonymous_6)
DA:8,1
DA:9,2
DA:10,2
DA:11,1
DA:13,1
DA:19,1
DA:20,1
DA:26,1
DA:27,1
DA:31,1
DA:32,1
DA:39,1
DA:40,1
DA:41,1
DA:42,1
DA:46,1
DA:53,0
DA:54,0
DA:55,0
LF:19
LH:16
BRDA:10,0,0,1
BRDA:10,0,1,1
BRDA:19,1,0,1
BRDA:19,1,1,0
BRDA:52,2,0,0
BRDA:52,2,1,1
BRDA:55,3,0,0
BRDA:55,3,1,1
BRF:8
BRH:5
end_of_record
TN:
SF:components\question.js
FN:5,Question
FN:17,(anonymous_1)
FN:22,(anonymous_2)
FN:28,(anonymous_3)
FN:45,(anonymous_4)
FN:65,(anonymous_5)
FN:69,(anonymous_6)
FN:70,(anonymous_7)
FNF:8
FNH:0
FNDA:0,Question
FNDA:0,(anonymous_1)
FNDA:0,(anonymous_2)
FNDA:0,(anonymous_3)
FNDA:0,(anonymous_4)
FNDA:0,(anonymous_5)
FNDA:0,(anonymous_6)
FNDA:0,(anonymous_7)
DA:6,0
DA:7,0
DA:8,0
DA:9,0
DA:10,0
DA:11,0
DA:12,0
DA:16,0
DA:17,0
DA:18,0
DA:19,0
DA:22,0
DA:23,0
DA:24,0
DA:25,0
DA:28,0
DA:29,0
DA:30,0
DA:31,0
DA:33,0
DA:39,0
DA:40,0
DA:45,0
DA:46,0
DA:56,0
DA:58,0
DA:61,0
DA:66,0
DA:69,0
DA:70,0
LF:30
LH:0
BRDA:30,0,0,0
BRDA:30,0,1,0
BRDA:39,1,0,0
BRDA:39,1,1,0
BRDA:85,2,0,0
BRDA:85,2,1,0
BRDA:101,3,0,0
BRDA:101,3,1,0
BRF:8
BRH:0
end_of_record
TN:
SF:components\sidebar.js
FN:12,(anonymous_0)
FN:15,(anonymous_1)
FN:18,(anonymous_2)
FN:24,(anonymous_3)
FN:32,(anonymous_4)
FN:36,(anonymous_5)
FN:40,(anonymous_6)
FNF:7
FNH:7
FNDA:2,(anonymous_0)
FNDA:2,(anonymous_1)
FNDA:2,(anonymous_2)
FNDA:5,(anonymous_3)
FNDA:1,(anonymous_4)
FNDA:1,(anonymous_5)
FNDA:1,(anonymous_6)
DA:10,2
DA:12,2
DA:13,2
DA:15,2
DA:16,2
DA:18,2
DA:19,2
DA:24,2
DA:25,5
DA:29,5
DA:32,1
DA:36,1
DA:40,1
DA:47,2
LF:14
LH:14
BRF:0
BRH:0
end_of_record
TN:
SF:screens\HomeScreen.js
FN:8,(anonymous_0)
FN:10,(anonymous_1)
FN:15,(anonymous_2)
FN:21,(anonymous_3)
FN:29,HomeScreen
FN:36,(anonymous_5)
FN:47,(anonymous_6)
FN:53,(anonymous_7)
FN:55,(anonymous_8)
FN:57,(anonymous_9)
FN:77,(anonymous_10)
FN:85,(anonymous_11)
FN:94,(anonymous_12)
FNF:13
FNH:10
FNDA:1,(anonymous_0)
FNDA:1,(anonymous_1)
FNDA:1,(anonymous_2)
FNDA:1,(anonymous_3)
FNDA:3,HomeScreen
FNDA:3,(anonymous_5)
FNDA:3,(anonymous_6)
FNDA:3,(anonymous_7)
FNDA:0,(anonymous_8)
FNDA:0,(anonymous_9)
FNDA:0,(anonymous_10)
FNDA:1,(anonymous_11)
FNDA:1,(anonymous_12)
DA:8,2
DA:9,1
DA:10,1
DA:11,1
DA:15,2
DA:16,1
DA:21,2
DA:22,1
DA:23,1
DA:31,3
DA:32,3
DA:33,3
DA:36,3
DA:37,3
DA:38,3
DA:39,3
DA:40,0
DA:41,0
DA:42,0
DA:47,3
DA:48,3
DA:49,3
DA:53,3
DA:54,3
DA:56,0
DA:57,0
DA:63,3
DA:86,1
DA:94,1
DA:110,2
LF:30
LH:25
BRF:0
BRH:0
end_of_record
TN:
SF:screens\ProfileScreen.js
FN:18,ProfileScreen
FN:35,(anonymous_1)
FN:52,(anonymous_2)
FN:69,(anonymous_3)
FN:82,(anonymous_4)
FN:86,(anonymous_5)
FN:93,(anonymous_6)
FN:112,(anonymous_7)
FN:117,(anonymous_8)
FN:123,(anonymous_9)
FN:153,(anonymous_10)
FN:170,(anonymous_11)
FNF:12
FNH:0
FNDA:0,ProfileScreen
FNDA:0,(anonymous_1)
FNDA:0,(anonymous_2)
FNDA:0,(anonymous_3)
FNDA:0,(anonymous_4)
FNDA:0,(anonymous_5)
FNDA:0,(anonymous_6)
FNDA:0,(anonymous_7)
FNDA:0,(anonymous_8)
FNDA:0,(anonymous_9)
FNDA:0,(anonymous_10)
FNDA:0,(anonymous_11)
DA:19,0
DA:20,0
DA:21,0
DA:23,0
DA:24,0
DA:27,0
DA:28,0
DA:30,0
DA:32,0
DA:35,0
DA:36,0
DA:37,0
DA:38,0
DA:40,0
DA:46,0
DA:47,0
DA:48,0
DA:52,0
DA:54,0
DA:55,0
DA:58,0
DA:61,0
DA:64,0
DA:66,0
DA:69,0
DA:70,0
DA:71,0
DA:72,0
DA:73,0
DA:78,0
DA:84,0
DA:85,0
DA:87,0
DA:89,0
DA:93,0
DA:94,0
DA:95,0
DA:96,0
DA:97,0
DA:98,0
DA:99,0
DA:100,0
DA:101,0
DA:102,0
DA:103,0
DA:104,0
DA:105,0
DA:106,0
DA:107,0
DA:108,0
DA:112,0
DA:113,0
DA:114,0
DA:117,0
DA:118,0
DA:119,0
DA:123,0
DA:124,0
DA:153,0
DA:170,0
DA:249,0
DA:252,2
LF:62
LH:1
BRDA:37,0,0,0
BRDA:37,0,1,0
BRDA:46,1,0,0
BRDA:46,1,1,0
BRDA:107,2,0,0
BRDA:107,2,1,0
BRDA:207,3,0,0
BRDA:207,3,1,0
BRF:8
BRH:0
end_of_record
TN:
SF:screens\SettingsScreen.js
FN:9,(anonymous_0)
FN:16,SettingsScreen
FN:35,(anonymous_2)
FN:41,(anonymous_3)
FN:48,(anonymous_4)
FNF:5
FNH:2
FNDA:6,(anonymous_0)
FNDA:8,SettingsScreen
FNDA:0,(anonymous_2)
FNDA:0,(anonymous_3)
FNDA:0,(anonymous_4)
DA:9,1
DA:10,6
DA:11,6
DA:17,8
DA:18,8
DA:25,8
DA:35,0
DA:41,0
DA:48,0
DA:55,1
LF:10
LH:7
BRF:0
BRH:0
end_of_record
