TN:
SF:assets\arrowRight.png
FNF:0
FNH:0
DA:1,1
LF:1
LH:1
BRF:0
BRH:0
end_of_record
TN:
SF:components\TileItem.js
FN:4,(anonymous_0)
FNF:1
FNH:0
FNDA:0,(anonymous_0)
DA:4,1
DA:5,0
DA:18,1
LF:3
LH:2
BRF:0
BRH:0
end_of_record
TN:
SF:components\sidebar.js
FN:7,(anonymous_0)
FN:9,(anonymous_1)
FN:12,(anonymous_2)
FN:15,(anonymous_3)
FNF:4
FNH:1
FNDA:3,(anonymous_0)
FNDA:0,(anonymous_1)
FNDA:0,(anonymous_2)
FNDA:0,(anonymous_3)
DA:7,1
DA:8,3
DA:9,3
DA:10,0
DA:12,3
DA:13,0
DA:15,3
DA:16,0
DA:18,3
DA:36,1
LF:10
LH:7
BRF:0
BRH:0
end_of_record
TN:
SF:screens\HomeScreen.js
FN:8,(anonymous_0)
FN:10,(anonymous_1)
FN:15,(anonymous_2)
FN:21,(anonymous_3)
FN:29,HomeScreen
FN:36,(anonymous_5)
FN:47,(anonymous_6)
FN:53,(anonymous_7)
FN:55,(anonymous_8)
FN:57,(anonymous_9)
FN:77,(anonymous_10)
FN:85,(anonymous_11)
FN:94,(anonymous_12)
FNF:13
FNH:10
FNDA:1,(anonymous_0)
FNDA:1,(anonymous_1)
FNDA:1,(anonymous_2)
FNDA:1,(anonymous_3)
FNDA:3,HomeScreen
FNDA:3,(anonymous_5)
FNDA:3,(anonymous_6)
FNDA:3,(anonymous_7)
FNDA:0,(anonymous_8)
FNDA:0,(anonymous_9)
FNDA:0,(anonymous_10)
FNDA:1,(anonymous_11)
FNDA:1,(anonymous_12)
DA:8,1
DA:9,1
DA:10,1
DA:11,1
DA:15,1
DA:16,1
DA:21,1
DA:22,1
DA:23,1
DA:31,3
DA:32,3
DA:33,3
DA:36,3
DA:37,3
DA:38,3
DA:39,3
DA:40,0
DA:41,0
DA:42,0
DA:47,3
DA:48,3
DA:49,3
DA:53,3
DA:54,3
DA:56,0
DA:57,0
DA:63,3
DA:86,1
DA:94,1
DA:110,1
LF:30
LH:25
BRF:0
BRH:0
end_of_record
TN:
SF:screens\ProfileScreen.js
FN:18,ProfileScreen
FN:35,(anonymous_1)
FN:52,(anonymous_2)
FN:69,(anonymous_3)
FN:82,(anonymous_4)
FN:86,(anonymous_5)
FN:93,(anonymous_6)
FN:112,(anonymous_7)
FN:117,(anonymous_8)
FN:123,(anonymous_9)
FN:153,(anonymous_10)
FN:170,(anonymous_11)
FNF:12
FNH:0
FNDA:0,ProfileScreen
FNDA:0,(anonymous_1)
FNDA:0,(anonymous_2)
FNDA:0,(anonymous_3)
FNDA:0,(anonymous_4)
FNDA:0,(anonymous_5)
FNDA:0,(anonymous_6)
FNDA:0,(anonymous_7)
FNDA:0,(anonymous_8)
FNDA:0,(anonymous_9)
FNDA:0,(anonymous_10)
FNDA:0,(anonymous_11)
DA:19,0
DA:20,0
DA:21,0
DA:23,0
DA:24,0
DA:27,0
DA:28,0
DA:30,0
DA:32,0
DA:35,0
DA:36,0
DA:37,0
DA:38,0
DA:40,0
DA:46,0
DA:47,0
DA:48,0
DA:52,0
DA:54,0
DA:55,0
DA:58,0
DA:61,0
DA:64,0
DA:66,0
DA:69,0
DA:70,0
DA:71,0
DA:72,0
DA:73,0
DA:78,0
DA:84,0
DA:85,0
DA:87,0
DA:89,0
DA:93,0
DA:94,0
DA:95,0
DA:96,0
DA:97,0
DA:98,0
DA:99,0
DA:100,0
DA:101,0
DA:102,0
DA:103,0
DA:104,0
DA:105,0
DA:106,0
DA:107,0
DA:108,0
DA:112,0
DA:113,0
DA:114,0
DA:117,0
DA:118,0
DA:119,0
DA:123,0
DA:124,0
DA:153,0
DA:170,0
DA:249,0
DA:252,1
LF:62
LH:1
BRDA:37,0,0,0
BRDA:37,0,1,0
BRDA:46,1,0,0
BRDA:46,1,1,0
BRDA:107,2,0,0
BRDA:107,2,1,0
BRDA:207,3,0,0
BRDA:207,3,1,0
BRF:8
BRH:0
end_of_record
TN:
SF:screens\SettingsScreen.js
FN:9,(anonymous_0)
FN:16,SettingsScreen
FN:35,(anonymous_2)
FN:41,(anonymous_3)
FN:48,(anonymous_4)
FNF:5
FNH:5
FNDA:9,(anonymous_0)
FNDA:7,SettingsScreen
FNDA:1,(anonymous_2)
FNDA:1,(anonymous_3)
FNDA:1,(anonymous_4)
DA:9,1
DA:10,9
DA:11,9
DA:17,7
DA:18,7
DA:25,7
DA:35,1
DA:41,1
DA:48,1
DA:61,1
LF:10
LH:10
BRF:0
BRH:0
end_of_record
